Removed Pin From Net: NetName=GND Pin=C6-1
Removed Pin From Net: NetName=VDD Pin=C6-2
Removed Pin From Net: NetName=GND Pin=C7-1
Removed Pin From Net: NetName=VDD Pin=C7-2
Removed Pin From Net: NetName=GND Pin=C8-1
Removed Pin From Net: NetName=VDD Pin=C8-2
Removed Pin From Net: NetName=GND Pin=C14-1
Removed Pin From Net: NetName=1.8V Pin=C14-2
Removed Pin From Net: NetName=GND Pin=C15-1
Removed Pin From Net: NetName=VDD Pin=C15-2
Removed Pin From Net: NetName=GND Pin=C16-1
Removed Pin From Net: NetName=+5V Pin=C16-2
Removed Pin From Net: NetName=GND Pin=C17-1
Removed Pin From Net: NetName=+5V Pin=C17-2
Removed Pin From Net: NetName=GND Pin=C38-1
Removed Pin From Net: NetName=VCC Pin=C38-2
Removed Pin From Net: NetName=GND Pin=C39-1
Removed Pin From Net: NetName=VCC Pin=C39-2
Removed Pin From Net: NetName=GND Pin=C40-1
Removed Pin From Net: NetName=VCC Pin=C40-2
Removed Pin From Net: NetName=VCC Pin=C41-2
Removed Pin From Net: NetName=VCC Pin=C42-2
Removed Pin From Net: NetName=VCC Pin=C43-2
Removed Pin From Net: NetName=VCC Pin=C44-2
Removed Pin From Net: NetName=VCC Pin=C45-2
Removed Pin From Net: NetName=VCC Pin=C48-2
Removed Pin From Net: NetName=VCC Pin=C49-2
Removed Pin From Net: NetName=VCC Pin=C50-2
Removed Pin From Net: NetName=VCC Pin=C51-2
Removed Pin From Net: NetName=VCC Pin=C52-2
Removed Pin From Net: NetName=VCC Pin=C53-2
Removed Pin From Net: NetName=VCC Pin=C54-2
Removed Pin From Net: NetName=PY10 Pin=U1-A1
Removed Pin From Net: NetName=PY9 Pin=U1-A2
Removed Pin From Net: NetName=SPI4_SCK Pin=U1-A3
Removed Pin From Net: NetName=I2C1_SDA Pin=U1-A4
Removed Pin From Net: NetName=PALM_COM_USART1_RX Pin=U1-A5
Removed Pin From Net: NetName=SPI1_MISO Pin=U1-A6
Removed Pin From Net: NetName=SPI1_SCK Pin=U1-A7
Removed Pin From Net: NetName=SPI1_NSS Pin=U1-A8
Removed Pin From Net: NetName=SWCLK_PALM Pin=U1-A9
Removed Pin From Net: NetName=SWDIO_PALM Pin=U1-A10
Removed Pin From Net: NetName=PY11 Pin=U1-B1
Removed Pin From Net: NetName=VDD Pin=U1-B2
Removed Pin From Net: NetName=I2C1_SCL Pin=U1-B4
Removed Pin From Net: NetName=PALM_COM_USART1_TX Pin=U1-B5
Removed Pin From Net: NetName=PY16 Pin=U1-B6
Removed Pin From Net: NetName=PY14 Pin=U1-B7
Removed Pin From Net: NetName=SPI3_MISO Pin=U1-B8
Removed Pin From Net: NetName=SPI3_SCK Pin=U1-B9
Removed Pin From Net: NetName=U1_OSC1_IN Pin=U1-C1
Removed Pin From Net: NetName=GND Pin=U1-C2
Removed Pin From Net: NetName=SPI4_NSS Pin=U1-C3
Removed Pin From Net: NetName=SPI1_MOSI Pin=U1-C5
Removed Pin From Net: NetName=SPI3_MOSI Pin=U1-C6
Removed Pin From Net: NetName=SPI2_SCK Pin=U1-C7
Removed Pin From Net: NetName=PY8 Pin=U1-C8
Removed Pin From Net: NetName=ICM4_INT1 Pin=U1-C9
Removed Pin From Net: NetName=SPI2_NSS Pin=U1-C10
Removed Pin From Net: NetName=U1_OSC1_OUT Pin=U1-D1
Removed Pin From Net: NetName=VDD Pin=U1-D2
Removed Pin From Net: NetName=SPI4_MISO Pin=U1-D3
Removed Pin From Net: NetName=NetR1_2 Pin=U1-D5
Removed Pin From Net: NetName=PY17 Pin=U1-D6
Removed Pin From Net: NetName=PY15 Pin=U1-D7
Removed Pin From Net: NetName=PY12 Pin=U1-D8
Removed Pin From Net: NetName=ICM3_INT2 Pin=U1-D9
Removed Pin From Net: NetName=ICM4_INT2 Pin=U1-D10
Removed Pin From Net: NetName=U1_NRST Pin=U1-E1
Removed Pin From Net: NetName=SPI2_MISO Pin=U1-E2
Removed Pin From Net: NetName=SPI4_MOSI Pin=U1-E3
Removed Pin From Net: NetName=GND Pin=U1-E4
Removed Pin From Net: NetName=GND Pin=U1-E5
Removed Pin From Net: NetName=GND Pin=U1-E6
Removed Pin From Net: NetName=NetC4_2 Pin=U1-E7
Removed Pin From Net: NetName=PY13 Pin=U1-E8
Removed Pin From Net: NetName=PY7 Pin=U1-E9
Removed Pin From Net: NetName=PY5 Pin=U1-E10
Removed Pin From Net: NetName=PY1 Pin=U1-F1
Removed Pin From Net: NetName=SPI2_MOSI Pin=U1-F2
Removed Pin From Net: NetName=PY2 Pin=U1-F3
Removed Pin From Net: NetName=VDD Pin=U1-F4
Removed Pin From Net: NetName=VDD Pin=U1-F5
Removed Pin From Net: NetName=VDD Pin=U1-F6
Removed Pin From Net: NetName=NetC5_2 Pin=U1-F8
Removed Pin From Net: NetName=PY6 Pin=U1-F9
Removed Pin From Net: NetName=PY4 Pin=U1-F10
Removed Pin From Net: NetName=GND Pin=U1-G1
Removed Pin From Net: NetName=ICM1_INT1 Pin=U1-G2
Removed Pin From Net: NetName=SPI3_NSS Pin=U1-G3
Removed Pin From Net: NetName=ADC1_INP4 Pin=U1-G4
Removed Pin From Net: NetName=S1-1 Pin=U1-G5
Removed Pin From Net: NetName=PY21 Pin=U1-G9
Removed Pin From Net: NetName=S2-3 Pin=U1-G10
Removed Pin From Net: NetName=VDD Pin=U1-H1
Removed Pin From Net: NetName=ICM1_INT2 Pin=U1-H2
Removed Pin From Net: NetName=ICM2_INT2 Pin=U1-H3
Removed Pin From Net: NetName=PY3 Pin=U1-H4
Removed Pin From Net: NetName=PY24 Pin=U1-H8
Removed Pin From Net: NetName=PY20 Pin=U1-H9
Removed Pin From Net: NetName=S2-2 Pin=U1-H10
Removed Pin From Net: NetName=GND Pin=U1-J1
Removed Pin From Net: NetName=ICM2_INT1 Pin=U1-J2
Removed Pin From Net: NetName=ADC1_INP3 Pin=U1-J3
Removed Pin From Net: NetName=BMM350_INT Pin=U1-J4
Removed Pin From Net: NetName=S1-2 Pin=U1-J7
Removed Pin From Net: NetName=S2-1 Pin=U1-J8
Removed Pin From Net: NetName=PY19 Pin=U1-J9
Removed Pin From Net: NetName=PY23 Pin=U1-J10
Removed Pin From Net: NetName=VDD Pin=U1-K1
Removed Pin From Net: NetName=TIM2_CH4 Pin=U1-K2
Removed Pin From Net: NetName=ICM3_INT1 Pin=U1-K3
Removed Pin From Net: NetName=S1-0 Pin=U1-K4
Removed Pin From Net: NetName=S1-3 Pin=U1-K7
Removed Pin From Net: NetName=S2-0 Pin=U1-K8
Removed Pin From Net: NetName=PY18 Pin=U1-K9
Removed Pin From Net: NetName=PY22 Pin=U1-K10
Removed Pin From Net: NetName=GND Pin=U2-1
Removed Pin From Net: NetName=1.8V Pin=U2-2
Removed Pin From Net: NetName=VDD Pin=U2-3
Removed Pin From Net: NetName=GND Pin=U2-4
Removed Pin From Net: NetName=+5V Pin=U2-5
Removed Pin From Net: NetName=+5V Pin=U2-6
Removed Pin From Net: NetName=+5V Pin=U2-7
Removed Pin From Net: NetName=+5V Pin=U2-8
Removed Pin From Net: NetName=COM_UART4_TX Pin=U6-A4
Removed Pin From Net: NetName=PALM_COM_USART1_TX Pin=U6-A5
Removed Pin From Net: NetName=COM_UART7_TX Pin=U6-A6
Removed Pin From Net: NetName=COM_UART7_RX Pin=U6-A7
Removed Pin From Net: NetName=COM_UART4_DE Pin=U6-A8
Removed Pin From Net: NetName=SWCLK_COM Pin=U6-A9
Removed Pin From Net: NetName=SWDIO_COM Pin=U6-A10
Removed Pin From Net: NetName=VCC Pin=U6-B2
Removed Pin From Net: NetName=COM_UART4_RX Pin=U6-B4
Removed Pin From Net: NetName=PALM_COM_USART1_RX Pin=U6-B5
Removed Pin From Net: NetName=COM_USART2_TX Pin=U6-B6
Removed Pin From Net: NetName=COM_UART5_RX Pin=U6-B7
Removed Pin From Net: NetName=COM_USART3_RX Pin=U6-B8
Removed Pin From Net: NetName=COM_USART3_TX Pin=U6-B9
Removed Pin From Net: NetName=U6_OSC1_IN Pin=U6-C1
Removed Pin From Net: NetName=GND Pin=U6-C2
Removed Pin From Net: NetName=COM_UART8_TX Pin=U6-C4
Removed Pin From Net: NetName=COM_SPI1_MOSI Pin=U6-C5
Removed Pin From Net: NetName=COM_USART2_RX Pin=U6-C6
Removed Pin From Net: NetName=COM_UART5_TX Pin=U6-C8
Removed Pin From Net: NetName=U6_OSC1_OUT Pin=U6-D1
Removed Pin From Net: NetName=VCC Pin=U6-D2
Removed Pin From Net: NetName=COM_UART8_RX Pin=U6-D4
Removed Pin From Net: NetName=NetR9_2 Pin=U6-D5
Removed Pin From Net: NetName=U6_NRST Pin=U6-E1
Removed Pin From Net: NetName=GND Pin=U6-E4
Removed Pin From Net: NetName=GND Pin=U6-E5
Removed Pin From Net: NetName=GND Pin=U6-E6
Removed Pin From Net: NetName=NetC36_2 Pin=U6-E7
Removed Pin From Net: NetName=COM_USART6_RX Pin=U6-E10
Removed Pin From Net: NetName=VCC Pin=U6-F4
Removed Pin From Net: NetName=VCC Pin=U6-F5
Removed Pin From Net: NetName=VCC Pin=U6-F6
Removed Pin From Net: NetName=NetC37_2 Pin=U6-F8
Removed Pin From Net: NetName=COM_UART5_DE Pin=U6-F9
Removed Pin From Net: NetName=COM_USART6_TX Pin=U6-F10
Removed Pin From Net: NetName=GND Pin=U6-G1
Removed Pin From Net: NetName=MT_Lepton_EN Pin=U6-G2
Removed Pin From Net: NetName=COM_SPI1_NSS Pin=U6-G3
Removed Pin From Net: NetName=COM_UART8_DE Pin=U6-G8
Removed Pin From Net: NetName=VCC Pin=U6-H1
Removed Pin From Net: NetName=MT_VSYNC Pin=U6-H2
Removed Pin From Net: NetName=COM_SPI1_SCK Pin=U6-H3
Removed Pin From Net: NetName=GND Pin=U6-J1
Removed Pin From Net: NetName=COM_SPI1_MISO Pin=U6-J3
Removed Pin From Net: NetName=VCC Pin=U6-K1
Removed Pin From Net: NetName=COM_UART7_DE Pin=U6-K5
Removed Pin From Net: NetName=VCC Pin=U7-2
Removed Pin From Net: NetName=VCC Pin=U8-1-8
Removed Pin From Net: NetName=VCC Pin=U8-2-8
Removed Pin From Net: NetName=VCC Pin=U8-3-8
Removed Pin From Net: NetName=VCC Pin=U8-4-8
Removed Pin From Net: NetName=VCC Pin=U9-1
Removed Member From Class: ClassName=Sheet1_Palm Member=C16
Removed Member From Class: ClassName=Sheet1_Palm Member=C17
Change Component Designator: OldDesignator=C41 NewDesignator=C42
Change Component Designator: OldDesignator=C42 NewDesignator=C43
Change Component Designator: OldDesignator=C43 NewDesignator=C44
Change Component Designator: OldDesignator=C44 NewDesignator=C45
Change Component Designator: OldDesignator=C45 NewDesignator=C16
Added Component: Designator=C6(C0402)
Add component (AddParameter): Name = "LatestRevisionDate"; Value = "29-May-2009"; VariantName = "[No Variations]"
Add component (AddParameter): Name = "LatestRevisionNote"; Value = "IPC-7351 Footprint Added."; VariantName = "[No Variations]"
Add component (AddParameter): Name = "PackageDescription"; Value = "Chip Capacitor"; VariantName = "[No Variations]"
Add component (AddParameter): Name = "PackageReference"; Value = "C1206"; VariantName = "[No Variations]"
Add component (AddParameter): Name = "Published"; Value = "8-Jun-2000"; VariantName = "[No Variations]"
Add component (AddParameter): Name = "Publisher"; Value = "Altium Limited"; VariantName = "[No Variations]"
Added Component: Designator=C8(C0402)
Add component (AddParameter): Name = "LatestRevisionDate"; Value = "29-May-2009"; VariantName = "[No Variations]"
Add component (AddParameter): Name = "LatestRevisionNote"; Value = "IPC-7351 Footprint Added."; VariantName = "[No Variations]"
Add component (AddParameter): Name = "PackageDescription"; Value = "Chip Capacitor"; VariantName = "[No Variations]"
Add component (AddParameter): Name = "PackageReference"; Value = "C1206"; VariantName = "[No Variations]"
Add component (AddParameter): Name = "Published"; Value = "8-Jun-2000"; VariantName = "[No Variations]"
Add component (AddParameter): Name = "Publisher"; Value = "Altium Limited"; VariantName = "[No Variations]"
Added Component: Designator=C14(C0402)
Add component (AddParameter): Name = "LatestRevisionDate"; Value = "29-May-2009"; VariantName = "[No Variations]"
Add component (AddParameter): Name = "LatestRevisionNote"; Value = "IPC-7351 Footprint Added."; VariantName = "[No Variations]"
Add component (AddParameter): Name = "PackageDescription"; Value = "Chip Capacitor"; VariantName = "[No Variations]"
Add component (AddParameter): Name = "PackageReference"; Value = "C1206"; VariantName = "[No Variations]"
Add component (AddParameter): Name = "Published"; Value = "8-Jun-2000"; VariantName = "[No Variations]"
Add component (AddParameter): Name = "Publisher"; Value = "Altium Limited"; VariantName = "[No Variations]"
Added Component: Designator=C15(C0402)
Add component (AddParameter): Name = "LatestRevisionDate"; Value = "29-May-2009"; VariantName = "[No Variations]"
Add component (AddParameter): Name = "LatestRevisionNote"; Value = "IPC-7351 Footprint Added."; VariantName = "[No Variations]"
Add component (AddParameter): Name = "PackageDescription"; Value = "Chip Capacitor"; VariantName = "[No Variations]"
Add component (AddParameter): Name = "PackageReference"; Value = "C1206"; VariantName = "[No Variations]"
Add component (AddParameter): Name = "Published"; Value = "8-Jun-2000"; VariantName = "[No Variations]"
Add component (AddParameter): Name = "Publisher"; Value = "Altium Limited"; VariantName = "[No Variations]"
Added Component: Designator=C17(C0402)
Add component (AddParameter): Name = "LatestRevisionDate"; Value = "29-May-2009"; VariantName = "[No Variations]"
Add component (AddParameter): Name = "LatestRevisionNote"; Value = "IPC-7351 Footprint Added."; VariantName = "[No Variations]"
Add component (AddParameter): Name = "PackageDescription"; Value = "Chip Capacitor"; VariantName = "[No Variations]"
Add component (AddParameter): Name = "PackageReference"; Value = "C1206"; VariantName = "[No Variations]"
Add component (AddParameter): Name = "Published"; Value = "8-Jun-2000"; VariantName = "[No Variations]"
Add component (AddParameter): Name = "Publisher"; Value = "Altium Limited"; VariantName = "[No Variations]"
Added Component: Designator=C38(C0402)
Add component (AddParameter): Name = "LatestRevisionDate"; Value = "29-May-2009"; VariantName = "[No Variations]"
Add component (AddParameter): Name = "LatestRevisionNote"; Value = "IPC-7351 Footprint Added."; VariantName = "[No Variations]"
Add component (AddParameter): Name = "PackageDescription"; Value = "Chip Capacitor"; VariantName = "[No Variations]"
Add component (AddParameter): Name = "PackageReference"; Value = "C1206"; VariantName = "[No Variations]"
Add component (AddParameter): Name = "Published"; Value = "8-Jun-2000"; VariantName = "[No Variations]"
Add component (AddParameter): Name = "Publisher"; Value = "Altium Limited"; VariantName = "[No Variations]"
Added Component: Designator=C39(C0402)
Add component (AddParameter): Name = "LatestRevisionDate"; Value = "29-May-2009"; VariantName = "[No Variations]"
Add component (AddParameter): Name = "LatestRevisionNote"; Value = "IPC-7351 Footprint Added."; VariantName = "[No Variations]"
Add component (AddParameter): Name = "PackageDescription"; Value = "Chip Capacitor"; VariantName = "[No Variations]"
Add component (AddParameter): Name = "PackageReference"; Value = "C1206"; VariantName = "[No Variations]"
Add component (AddParameter): Name = "Published"; Value = "8-Jun-2000"; VariantName = "[No Variations]"
Add component (AddParameter): Name = "Publisher"; Value = "Altium Limited"; VariantName = "[No Variations]"
Added Component: Designator=C40(C0402)
Add component (AddParameter): Name = "LatestRevisionDate"; Value = "29-May-2009"; VariantName = "[No Variations]"
Add component (AddParameter): Name = "LatestRevisionNote"; Value = "IPC-7351 Footprint Added."; VariantName = "[No Variations]"
Add component (AddParameter): Name = "PackageDescription"; Value = "Chip Capacitor"; VariantName = "[No Variations]"
Add component (AddParameter): Name = "PackageReference"; Value = "C1206"; VariantName = "[No Variations]"
Add component (AddParameter): Name = "Published"; Value = "8-Jun-2000"; VariantName = "[No Variations]"
Add component (AddParameter): Name = "Publisher"; Value = "Altium Limited"; VariantName = "[No Variations]"
Added Component: Designator=C41(C0402)
Add component (AddParameter): Name = "LatestRevisionDate"; Value = "29-May-2009"; VariantName = "[No Variations]"
Add component (AddParameter): Name = "LatestRevisionNote"; Value = "IPC-7351 Footprint Added."; VariantName = "[No Variations]"
Add component (AddParameter): Name = "PackageDescription"; Value = "Chip Capacitor"; VariantName = "[No Variations]"
Add component (AddParameter): Name = "PackageReference"; Value = "C1206"; VariantName = "[No Variations]"
Add component (AddParameter): Name = "Published"; Value = "8-Jun-2000"; VariantName = "[No Variations]"
Add component (AddParameter): Name = "Publisher"; Value = "Altium Limited"; VariantName = "[No Variations]"
Added Component: Designator=C59(C0402)
Add component (AddParameter): Name = "LatestRevisionDate"; Value = "29-May-2009"; VariantName = "[No Variations]"
Add component (AddParameter): Name = "LatestRevisionNote"; Value = "IPC-7351 Footprint Added."; VariantName = "[No Variations]"
Add component (AddParameter): Name = "PackageDescription"; Value = "Chip Capacitor"; VariantName = "[No Variations]"
Add component (AddParameter): Name = "PackageReference"; Value = "C1206"; VariantName = "[No Variations]"
Add component (AddParameter): Name = "Published"; Value = "8-Jun-2000"; VariantName = "[No Variations]"
Add component (AddParameter): Name = "Publisher"; Value = "Altium Limited"; VariantName = "[No Variations]"
Added Component: Designator=C60(C0402)
Add component (AddParameter): Name = "LatestRevisionDate"; Value = "29-May-2009"; VariantName = "[No Variations]"
Add component (AddParameter): Name = "LatestRevisionNote"; Value = "IPC-7351 Footprint Added."; VariantName = "[No Variations]"
Add component (AddParameter): Name = "PackageDescription"; Value = "Chip Capacitor"; VariantName = "[No Variations]"
Add component (AddParameter): Name = "PackageReference"; Value = "C1206"; VariantName = "[No Variations]"
Add component (AddParameter): Name = "Published"; Value = "8-Jun-2000"; VariantName = "[No Variations]"
Add component (AddParameter): Name = "Publisher"; Value = "Altium Limited"; VariantName = "[No Variations]"
Added Component: Designator=U1(LQFP100-14x14mm)
Add component (AddParameter): Name = "Mfr_Name"; Value = "STMicroelectronics"; VariantName = "[No Variations]"
Add component (AddParameter): Name = "RefDes"; Value = "RefDes"; VariantName = "[No Variations]"
Add component (AddParameter): Name = "Type"; Value = "Type"; VariantName = "[No Variations]"
Added Component: Designator=U2(SOT-23-3_L3.0-W1.7-P0.95-LS2.9-BR)
Added Component: Designator=U6(LQFP100-14x14mm)
Add component (AddParameter): Name = "Mfr_Name"; Value = "STMicroelectronics"; VariantName = "[No Variations]"
Add component (AddParameter): Name = "RefDes"; Value = "RefDes"; VariantName = "[No Variations]"
Add component (AddParameter): Name = "Type"; Value = "Type"; VariantName = "[No Variations]"
Added Pin To Net: NetName=VDD Pin=C6-1
Added Pin To Net: NetName=GND Pin=C6-2
Added Pin To Net: NetName=VDD Pin=C7-1
Added Pin To Net: NetName=GND Pin=C7-2
Added Pin To Net: NetName=VDD Pin=C8-1
Added Pin To Net: NetName=GND Pin=C8-2
Added Pin To Net: NetName=GND Pin=C14-1
Added Pin To Net: NetName=+5V Pin=C14-2
Added Pin To Net: NetName=GND Pin=C15-1
Added Pin To Net: NetName=1.8V Pin=C15-2
Added Pin To Net: NetName=VDD Pin=C16-2
Added Pin To Net: NetName=VDD Pin=C17-1
Added Pin To Net: NetName=GND Pin=C17-2
Added Pin To Net: NetName=VDD Pin=C38-1
Added Pin To Net: NetName=GND Pin=C38-2
Added Pin To Net: NetName=VDD Pin=C39-1
Added Pin To Net: NetName=GND Pin=C39-2
Added Pin To Net: NetName=VDD Pin=C40-1
Added Pin To Net: NetName=GND Pin=C40-2
Added Pin To Net: NetName=VDD Pin=C41-1
Added Pin To Net: NetName=GND Pin=C41-2
Added Pin To Net: NetName=VDD Pin=C42-2
Added Pin To Net: NetName=VDD Pin=C43-2
Added Pin To Net: NetName=VDD Pin=C44-2
Added Pin To Net: NetName=VDD Pin=C45-2
Added Pin To Net: NetName=VDD Pin=C48-2
Added Pin To Net: NetName=VDD Pin=C49-2
Added Pin To Net: NetName=VDD Pin=C50-2
Added Pin To Net: NetName=VDD Pin=C51-2
Added Pin To Net: NetName=VDD Pin=C52-2
Added Pin To Net: NetName=VDD Pin=C53-2
Added Pin To Net: NetName=VDD Pin=C54-2
Added Pin To Net: NetName=VDD Pin=C59-1
Added Pin To Net: NetName=GND Pin=C59-2
Added Pin To Net: NetName=VDD Pin=C60-1
Added Pin To Net: NetName=GND Pin=C60-2
Added Pin To Net: NetName=SPI4_SCK Pin=U1-1
Added Pin To Net: NetName=SPI4_NSS Pin=U1-3
Added Pin To Net: NetName=SPI4_MISO Pin=U1-4
Added Pin To Net: NetName=SPI4_MOSI Pin=U1-5
Added Pin To Net: NetName=VCC Pin=U1-6
Added Pin To Net: NetName=PY9 Pin=U1-7
Added Pin To Net: NetName=PY10 Pin=U1-8
Added Pin To Net: NetName=PY11 Pin=U1-9
Added Pin To Net: NetName=GND Pin=U1-10
Added Pin To Net: NetName=VDD Pin=U1-11
Added Pin To Net: NetName=U1_OSC1_IN Pin=U1-12
Added Pin To Net: NetName=U1_OSC1_OUT Pin=U1-13
Added Pin To Net: NetName=U1_NRST Pin=U1-14
Added Pin To Net: NetName=PY1 Pin=U1-15
Added Pin To Net: NetName=SPI2_MOSI Pin=U1-16
Added Pin To Net: NetName=SPI2_MISO Pin=U1-17
Added Pin To Net: NetName=PY2 Pin=U1-18
Added Pin To Net: NetName=GND Pin=U1-19
Added Pin To Net: NetName=VDD Pin=U1-20
Added Pin To Net: NetName=VDD Pin=U1-21
Added Pin To Net: NetName=ICM1_INT1 Pin=U1-22
Added Pin To Net: NetName=ICM1_INT2 Pin=U1-23
Added Pin To Net: NetName=ICM2_INT1 Pin=U1-24
Added Pin To Net: NetName=TIM2_CH4 Pin=U1-25
Added Pin To Net: NetName=GND Pin=U1-26
Added Pin To Net: NetName=VDD Pin=U1-27
Added Pin To Net: NetName=SPI3_NSS Pin=U1-28
Added Pin To Net: NetName=ICM2_INT2 Pin=U1-29
Added Pin To Net: NetName=ADC1_INP3 Pin=U1-30
Added Pin To Net: NetName=ICM3_INT1 Pin=U1-31
Added Pin To Net: NetName=ADC1_INP4 Pin=U1-32
Added Pin To Net: NetName=PY3 Pin=U1-33
Added Pin To Net: NetName=BMM350_INT Pin=U1-34
Added Pin To Net: NetName=S1-0 Pin=U1-35
Added Pin To Net: NetName=S1-1 Pin=U1-36
Added Pin To Net: NetName=S1-2 Pin=U1-46
Added Pin To Net: NetName=S1-3 Pin=U1-47
Added Pin To Net: NetName=NetC4_2 Pin=U1-48
Added Pin To Net: NetName=GND Pin=U1-49
Added Pin To Net: NetName=VDD Pin=U1-50
Added Pin To Net: NetName=S2-0 Pin=U1-51
Added Pin To Net: NetName=S2-1 Pin=U1-52
Added Pin To Net: NetName=S2-2 Pin=U1-53
Added Pin To Net: NetName=S2-3 Pin=U1-54
Added Pin To Net: NetName=PY18 Pin=U1-55
Added Pin To Net: NetName=PY19 Pin=U1-56
Added Pin To Net: NetName=PY20 Pin=U1-57
Added Pin To Net: NetName=PY21 Pin=U1-58
Added Pin To Net: NetName=PY22 Pin=U1-59
Added Pin To Net: NetName=PY23 Pin=U1-60
Added Pin To Net: NetName=PY24 Pin=U1-61
Added Pin To Net: NetName=PY4 Pin=U1-63
Added Pin To Net: NetName=PY5 Pin=U1-64
Added Pin To Net: NetName=PY6 Pin=U1-65
Added Pin To Net: NetName=PY7 Pin=U1-66
Added Pin To Net: NetName=ICM3_INT2 Pin=U1-67
Added Pin To Net: NetName=ICM4_INT1 Pin=U1-68
Added Pin To Net: NetName=ICM4_INT2 Pin=U1-69
Added Pin To Net: NetName=SPI2_NSS Pin=U1-70
Added Pin To Net: NetName=SWDIO_PALM Pin=U1-72
Added Pin To Net: NetName=NetC5_2 Pin=U1-73
Added Pin To Net: NetName=GND Pin=U1-74
Added Pin To Net: NetName=VDD Pin=U1-75
Added Pin To Net: NetName=SWCLK_PALM Pin=U1-76
Added Pin To Net: NetName=SPI1_NSS Pin=U1-77
Added Pin To Net: NetName=SPI3_SCK Pin=U1-78
Added Pin To Net: NetName=SPI3_MISO Pin=U1-79
Added Pin To Net: NetName=PY8 Pin=U1-80
Added Pin To Net: NetName=PY12 Pin=U1-81
Added Pin To Net: NetName=PY13 Pin=U1-82
Added Pin To Net: NetName=PY14 Pin=U1-83
Added Pin To Net: NetName=SPI2_SCK Pin=U1-84
Added Pin To Net: NetName=PY15 Pin=U1-85
Added Pin To Net: NetName=PY16 Pin=U1-86
Added Pin To Net: NetName=SPI3_MOSI Pin=U1-87
Added Pin To Net: NetName=PY17 Pin=U1-88
Added Pin To Net: NetName=SPI1_SCK Pin=U1-89
Added Pin To Net: NetName=SPI1_MISO Pin=U1-90
Added Pin To Net: NetName=SPI1_MOSI Pin=U1-91
Added Pin To Net: NetName=PALM_COM_USART1_TX Pin=U1-92
Added Pin To Net: NetName=PALM_COM_USART1_RX Pin=U1-93
Added Pin To Net: NetName=NetR1_2 Pin=U1-94
Added Pin To Net: NetName=I2C1_SCL Pin=U1-95
Added Pin To Net: NetName=I2C1_SDA Pin=U1-96
Added Pin To Net: NetName=GND Pin=U1-99
Added Pin To Net: NetName=VDD Pin=U1-100
Added Pin To Net: NetName=GND Pin=U2-1
Added Pin To Net: NetName=1.8V Pin=U2-2
Added Pin To Net: NetName=+5V Pin=U2-3
Added Pin To Net: NetName=VDD Pin=U6-6
Added Pin To Net: NetName=GND Pin=U6-10
Added Pin To Net: NetName=VDD Pin=U6-11
Added Pin To Net: NetName=U6_OSC1_IN Pin=U6-12
Added Pin To Net: NetName=U6_OSC1_OUT Pin=U6-13
Added Pin To Net: NetName=U6_NRST Pin=U6-14
Added Pin To Net: NetName=GND Pin=U6-19
Added Pin To Net: NetName=VDD Pin=U6-20
Added Pin To Net: NetName=VDD Pin=U6-21
Added Pin To Net: NetName=MT_Lepton_EN Pin=U6-22
Added Pin To Net: NetName=MT_VSYNC Pin=U6-23
Added Pin To Net: NetName=GND Pin=U6-26
Added Pin To Net: NetName=VDD Pin=U6-27
Added Pin To Net: NetName=COM_SPI1_NSS Pin=U6-28
Added Pin To Net: NetName=COM_SPI1_SCK Pin=U6-29
Added Pin To Net: NetName=COM_SPI1_MISO Pin=U6-30
Added Pin To Net: NetName=COM_SPI1_MOSI Pin=U6-31
Added Pin To Net: NetName=COM_UART7_DE Pin=U6-39
Added Pin To Net: NetName=NetC36_2 Pin=U6-48
Added Pin To Net: NetName=GND Pin=U6-49
Added Pin To Net: NetName=VDD Pin=U6-50
Added Pin To Net: NetName=COM_UART8_DE Pin=U6-62
Added Pin To Net: NetName=COM_USART6_TX Pin=U6-63
Added Pin To Net: NetName=COM_USART6_RX Pin=U6-64
Added Pin To Net: NetName=COM_UART5_DE Pin=U6-65
Added Pin To Net: NetName=SWDIO_COM Pin=U6-72
Added Pin To Net: NetName=NetC37_2 Pin=U6-73
Added Pin To Net: NetName=GND Pin=U6-74
Added Pin To Net: NetName=VDD Pin=U6-75
Added Pin To Net: NetName=SWCLK_COM Pin=U6-76
Added Pin To Net: NetName=COM_UART4_DE Pin=U6-77
Added Pin To Net: NetName=COM_USART3_TX Pin=U6-78
Added Pin To Net: NetName=COM_USART3_RX Pin=U6-79
Added Pin To Net: NetName=COM_UART5_TX Pin=U6-80
Added Pin To Net: NetName=COM_UART5_RX Pin=U6-83
Added Pin To Net: NetName=COM_USART2_TX Pin=U6-86
Added Pin To Net: NetName=COM_USART2_RX Pin=U6-87
Added Pin To Net: NetName=COM_UART7_RX Pin=U6-89
Added Pin To Net: NetName=COM_UART7_TX Pin=U6-90
Added Pin To Net: NetName=PALM_COM_USART1_RX Pin=U6-92
Added Pin To Net: NetName=PALM_COM_USART1_TX Pin=U6-93
Added Pin To Net: NetName=NetR9_2 Pin=U6-94
Added Pin To Net: NetName=COM_UART4_RX Pin=U6-95
Added Pin To Net: NetName=COM_UART4_TX Pin=U6-96
Added Pin To Net: NetName=COM_UART8_RX Pin=U6-97
Added Pin To Net: NetName=COM_UART8_TX Pin=U6-98
Added Pin To Net: NetName=GND Pin=U6-99
Added Pin To Net: NetName=VDD Pin=U6-100
Added Pin To Net: NetName=VDD Pin=U7-2
Added Pin To Net: NetName=VDD Pin=U8-1-8
Added Pin To Net: NetName=VDD Pin=U8-2-8
Added Pin To Net: NetName=VDD Pin=U8-3-8
Added Pin To Net: NetName=VDD Pin=U8-4-8
Added Pin To Net: NetName=VDD Pin=U9-1
Added Member To Class: ClassName=Sheet2_COM Member=Component C17 4.7¦ÌF
Added Member To Class: ClassName=Sheet2_COM Member=Component C45 0.1¦ÌF
Added Member To Class: ClassName=Sheet1_Palm Member=Component C59 0.1¦ÌF
Added Member To Class: ClassName=Sheet1_Palm Member=Component C60 1¦ÌF
