Removed Pin From Net: NetName=GND Pin=C54-1
Removed Pin From Net: NetName=VCC Pin=C54-2
Removed Pin From Net: NetName=GND Pin=R25-1
Removed Pin From Net: NetName=VCC Pin=R26-2
Removed Pin From Net: NetName=COM_USART3_RX Pin=U8-5-1
Removed Pin From Net: NetName=COM_USART3_TX Pin=U8-5-4
Removed Pin From Net: NetName=GND Pin=U8-5-5
Removed Pin From Net: NetName=VCC Pin=U8-5-8
Removed Member From Class: ClassName=Sheet2_COM Member=C57
Removed Member From Class: ClassName=Sheet2_COM Member=R27
Removed Member From Class: ClassName=Sheet2_COM Member=R28
Removed Member From Class: ClassName=Sheet2_COM Member=R29
Removed Member From Class: ClassName=Sheet2_COM Member=U8-5
Change Component Designator: OldDesignator=C55 NewDesignator=C54
Change Component Designator: OldDesignator=C56 NewDesignator=C55
Change Component Designator: OldDesignator=C57 NewDesignator=C56
Change Component Designator: OldDesignator=R28 NewDesignator=R25
Change Component Designator: OldDesignator=R29 NewDesignator=R26
Added Pin To Net: NetName=COM_USART3_RX Pin=P2-7-2
Added Pin To Net: NetName=COM_USART3_TX Pin=P2-7-3
Change Net Name : Old Net Name=NetC57_2 New Net Name=NetC56_2
Change Net Name : Old Net Name=NetR28_2 New Net Name=NetR25_2
Change Net Name : Old Net Name=NetR29_2 New Net Name=NetR26_2
