Added Component: Designator=U1(TFBGA100)
Add component (AddParameter): Name = "Mfr_Name"; Value = "STMicroelectronics"; VariantName = "[No Variations]"
Add component (AddParameter): Name = "RefDes"; Value = "RefDes"; VariantName = "[No Variations]"
Add component (AddParameter): Name = "Type"; Value = "Type"; VariantName = "[No Variations]"
Added Pin To Net: NetName=I2C1_SDA Pin=U1-A4
Added Pin To Net: NetName=USART1_RX Pin=U1-A5
Added Pin To Net: NetName=SPI1_MISO Pin=U1-A6
Added Pin To Net: NetName=SPI1_SCK Pin=U1-A7
Added Pin To Net: NetName=SPI1_NSS Pin=U1-A8
Added Pin To Net: NetName=SWCLK Pin=U1-A9
Added Pin To Net: NetName=SWDIO Pin=U1-A10
Added Pin To Net: NetName=I2C1_SCL Pin=U1-B4
Added Pin To Net: NetName=USART1_TX Pin=U1-B5
Added Pin To Net: NetName=USART1_DE Pin=U1-B10
Added Pin To Net: NetName=OSC1_IN Pin=U1-C1
Added Pin To Net: NetName=GND Pin=U1-C2
Added Pin To Net: NetName=SPI1_MOSI Pin=U1-C5
Added Pin To Net: NetName=OSC1_OUT Pin=U1-D1
Added Pin To Net: NetName=VDD Pin=U1-D2
Added Pin To Net: NetName=NetR1_2 Pin=U1-D5
Added Pin To Net: NetName=NRST Pin=U1-E1
Added Pin To Net: NetName=GND Pin=U1-E4
Added Pin To Net: NetName=GND Pin=U1-E5
Added Pin To Net: NetName=GND Pin=U1-E6
Added Pin To Net: NetName=NetC5_2 Pin=U1-E7
Added Pin To Net: NetName=ADC1_INP10 Pin=U1-F1
Added Pin To Net: NetName=ADC1_INP11 Pin=U1-F2
Added Pin To Net: NetName=VDD Pin=U1-F4
Added Pin To Net: NetName=VDD Pin=U1-F5
Added Pin To Net: NetName=VDD Pin=U1-F6
Added Pin To Net: NetName=NetC4_2 Pin=U1-F8
Added Pin To Net: NetName=GND Pin=U1-G1
Added Pin To Net: NetName=ADC1_INP16 Pin=U1-G2
Added Pin To Net: NetName=ADC1_INP4 Pin=U1-G4
Added Pin To Net: NetName=CALIBRATION_SIGNAL Pin=U1-G8
Added Pin To Net: NetName=ICM_INT2 Pin=U1-G10
Added Pin To Net: NetName=VDD Pin=U1-H1
Added Pin To Net: NetName=ADC1_INP17 Pin=U1-H2
Added Pin To Net: NetName=ADC1_INP8 Pin=U1-H4
Added Pin To Net: NetName=ERROR_SIGNAL Pin=U1-H8
Added Pin To Net: NetName=ICM_INT1 Pin=U1-H10
Added Pin To Net: NetName=GND Pin=U1-J1
Added Pin To Net: NetName=ADC1_INP14 Pin=U1-J2
Added Pin To Net: NetName=ADC1_INP3 Pin=U1-J3
Added Pin To Net: NetName=ADC1_INP9 Pin=U1-J4
Added Pin To Net: NetName=NORMAL_SIGNAL Pin=U1-J10
Added Pin To Net: NetName=VDD Pin=U1-K1
Added Pin To Net: NetName=ADC1_INP15 Pin=U1-K2
Added Pin To Net: NetName=ADC1_INP7 Pin=U1-K3
Added Pin To Net: NetName=ADC1_INP5 Pin=U1-K4
Added Pin To Net: NetName=TIM2_CH4 Pin=U1-K7
Added Member To Class: ClassName=Sheet1 Member=Component U1 STM32H743VIH6
