Change Component Comment : Designator=C3 Old Comment= New Comment=0.1¦ÌF
Change Component Comment : Designator=C8 Old Comment= New Comment=0.1¦ÌF
Change Component Comment : Designator=C9 Old Comment= New Comment=0.1¦ÌF
Change Component Comment : Designator=C10 Old Comment= New Comment=0.1¦ÌF
Change Component Comment : Designator=C11 Old Comment= New Comment=0.1¦ÌF
Change Component Comment : Designator=C12 Old Comment= New Comment=0.1¦ÌF
Change Component Comment : Designator=C18 Old Comment= New Comment=0.1¦ÌF
Change Component Comment : Designator=C20 Old Comment= New Comment=0.1¦ÌF
Change Component Comment : Designator=C21 Old Comment= New Comment=0.1¦ÌF
Change Component Comment : Designator=C23 Old Comment= New Comment=0.1¦ÌF
Change Component Comment : Designator=C24 Old Comment= New Comment=0.1¦ÌF
Change Component Comment : Designator=C26 Old Comment= New Comment=0.1¦ÌF
Change Component Comment : Designator=C27 Old Comment= New Comment=0.1¦ÌF
Change Component Comment : Designator=C6 Old Comment= New Comment=1¦ÌF
Change Component Comment : Designator=C13 Old Comment= New Comment=1¦ÌF
Change Component Comment : Designator=C14 Old Comment= New Comment=1¦ÌF
Change Component Comment : Designator=C15 Old Comment= New Comment=1¦ÌF
Change Component Comment : Designator=C16 Old Comment= New Comment=1¦ÌF
Change Component Comment : Designator=C28 Old Comment= New Comment=1¦ÌF
Change Component Comment : Designator=C4 Old Comment= New Comment=2.2¦ÌF
Change Component Comment : Designator=C5 Old Comment= New Comment=2.2¦ÌF
Change Component Comment : Designator=C19 Old Comment= New Comment=2.2¦ÌF
Change Component Comment : Designator=C22 Old Comment= New Comment=2.2¦ÌF
Change Component Comment : Designator=C7 Old Comment= New Comment=4.7¦ÌF
Change Component Comment : Designator=C17 Old Comment= New Comment=10nF
Change Component Comment : Designator=C1 Old Comment= New Comment=20pF
Change Component Comment : Designator=C2 Old Comment= New Comment=20pF
Change Component Comment : Designator=C25 Old Comment= New Comment=30pF
Change Component Description : Designator=XT1 Old Description=Crystal Oscillator New Description=CSTNE8M00GH5C000R0
Change Component Description : Designator=P1 Old Description=Header, 4-Pin New Description=XDWF-0910-04P
Change Component Description : Designator=P3 Old Description=Header, 4-Pin New Description=XDWF-0910-04P
Change Component Description : Designator=S1 Old Description=Switch New Description=TS-1088R-02026
